<?xml version="1.0" encoding="UTF-8"?>
<coverage generated="1723174979838" clover="3.2.0">
  <project timestamp="1723174979838" name="All files">
    <metrics statements="8" coveredstatements="4" conditionals="0" coveredconditionals="0" methods="4" coveredmethods="0" elements="12" coveredelements="4" complexity="0" loc="8" ncloc="8" packages="2" files="2" classes="2"/>
    <package name="empleado_api">
      <metrics statements="4" coveredstatements="2" conditionals="0" coveredconditionals="0" methods="2" coveredmethods="0"/>
      <file name="models.js" path="G:\Trabajos y tareas U\ciclo 7\proyecto de test\Seguimiento-de-inventario-y-ventas\empleado_api\models.js">
        <metrics statements="4" coveredstatements="2" conditionals="0" coveredconditionals="0" methods="2" coveredmethods="0"/>
        <line num="2" count="1" type="stmt"/>
        <line num="3" count="0" type="stmt"/>
        <line num="4" count="0" type="stmt"/>
        <line num="7" count="1" type="stmt"/>
      </file>
    </package>
    <package name="productos_api">
      <metrics statements="4" coveredstatements="2" conditionals="0" coveredconditionals="0" methods="2" coveredmethods="0"/>
      <file name="models.js" path="G:\Trabajos y tareas U\ciclo 7\proyecto de test\Seguimiento-de-inventario-y-ventas\productos_api\models.js">
        <metrics statements="4" coveredstatements="2" conditionals="0" coveredconditionals="0" methods="2" coveredmethods="0"/>
        <line num="1" count="1" type="stmt"/>
        <line num="2" count="0" type="stmt"/>
        <line num="3" count="0" type="stmt"/>
        <line num="6" count="1" type="stmt"/>
      </file>
    </package>
  </project>
</coverage>
