{"G:\\Trabajos y tareas U\\ciclo 7\\proyecto de test\\Seguimiento-de-inventario-y-ventas\\empleado_api\\models.js": {"path":"G:\\Trabajos y tareas U\\ciclo 7\\proyecto de test\\Seguimiento-de-inventario-y-ventas\\empleado_api\\models.js","statementMap":{"0":{"start":{"line":2,"column":23},"end":{"line":5,"column":3}},"1":{"start":{"line":3,"column":22},"end":{"line":3,"column":24}},"2":{"start":{"line":4,"column":26},"end":{"line":4,"column":30}},"3":{"start":{"line":7,"column":2},"end":{"line":7,"column":38}}},"fnMap":{"0":{"name":"(anonymous_0)","decl":{"start":{"line":3,"column":10},"end":{"line":3,"column":11}},"loc":{"start":{"line":3,"column":22},"end":{"line":3,"column":24}},"line":3},"1":{"name":"(anonymous_1)","decl":{"start":{"line":4,"column":10},"end":{"line":4,"column":11}},"loc":{"start":{"line":4,"column":26},"end":{"line":4,"column":30}},"line":4}},"branchMap":{},"s":{"0":1,"1":0,"2":0,"3":1},"f":{"0":0,"1":0},"b":{},"_coverageSchema":"1a1c01bbd47fc00a2c39e90264f33305004495a9","hash":"a51c0647df6e85219ad0d4a9048725363e24294f"}
,"G:\\Trabajos y tareas U\\ciclo 7\\proyecto de test\\Seguimiento-de-inventario-y-ventas\\productos_api\\models.js": {"path":"G:\\Trabajos y tareas U\\ciclo 7\\proyecto de test\\Seguimiento-de-inventario-y-ventas\\productos_api\\models.js","statementMap":{"0":{"start":{"line":1,"column":22},"end":{"line":4,"column":3}},"1":{"start":{"line":2,"column":22},"end":{"line":2,"column":24}},"2":{"start":{"line":3,"column":26},"end":{"line":3,"column":30}},"3":{"start":{"line":6,"column":2},"end":{"line":6,"column":37}}},"fnMap":{"0":{"name":"(anonymous_0)","decl":{"start":{"line":2,"column":10},"end":{"line":2,"column":11}},"loc":{"start":{"line":2,"column":22},"end":{"line":2,"column":24}},"line":2},"1":{"name":"(anonymous_1)","decl":{"start":{"line":3,"column":10},"end":{"line":3,"column":11}},"loc":{"start":{"line":3,"column":26},"end":{"line":3,"column":30}},"line":3}},"branchMap":{},"s":{"0":1,"1":0,"2":0,"3":1},"f":{"0":0,"1":0},"b":{},"_coverageSchema":"1a1c01bbd47fc00a2c39e90264f33305004495a9","hash":"8691461eb73bcfd9fbb2967e06ca97f3bf6c442c"}
}
